[debug] [2025-03-15T12:19:33.433Z] ----------------------------------------------------------------------
[debug] [2025-03-15T12:19:33.435Z] Command:       C:\Users\nehaj\node.exe C:\Users\nehaj\AppData\Roaming\npm\node_modules\firebase-tools\lib\bin\firebase.js deploy --project portfolioo
[debug] [2025-03-15T12:19:33.436Z] CLI Version:   13.34.0
[debug] [2025-03-15T12:19:33.436Z] Platform:      win32
[debug] [2025-03-15T12:19:33.436Z] Node Version:  v22.9.0
[debug] [2025-03-15T12:19:33.436Z] Time:          Sat Mar 15 2025 17:49:33 GMT+0530 (India Standard Time)
[debug] [2025-03-15T12:19:33.436Z] ----------------------------------------------------------------------
[debug] 
[debug] [2025-03-15T12:19:33.617Z] > command requires scopes: ["email","openid","https://www.googleapis.com/auth/cloudplatformprojects.readonly","https://www.googleapis.com/auth/firebase","https://www.googleapis.com/auth/cloud-platform"]
[debug] [2025-03-15T12:19:33.617Z] > authorizing via signed-in user (rajatghosh816@gmail.com)
[debug] [2025-03-15T12:19:33.618Z] [iam] checking project portfolioo for permissions ["firebase.projects.get","firebasehosting.sites.update"]
[debug] [2025-03-15T12:19:33.619Z] Checked if tokens are valid: false, expires at: 1703276400778
[debug] [2025-03-15T12:19:33.619Z] Checked if tokens are valid: false, expires at: 1703276400778
[debug] [2025-03-15T12:19:33.619Z] > refreshing access token with scopes: []
[debug] [2025-03-15T12:19:33.620Z] >>> [apiv2][query] POST https://www.googleapis.com/oauth2/v3/token [none]
[debug] [2025-03-15T12:19:33.620Z] >>> [apiv2][body] POST https://www.googleapis.com/oauth2/v3/token [omitted]
[debug] [2025-03-15T12:19:34.101Z] <<< [apiv2][status] POST https://www.googleapis.com/oauth2/v3/token 400
[debug] [2025-03-15T12:19:34.102Z] <<< [apiv2][body] POST https://www.googleapis.com/oauth2/v3/token [omitted]
[debug] [2025-03-15T12:19:34.102Z] >>> [apiv2][query] POST https://cloudresourcemanager.googleapis.com/v1/projects/portfolioo:testIamPermissions [none]
[debug] [2025-03-15T12:19:34.102Z] >>> [apiv2][(partial)header] POST https://cloudresourcemanager.googleapis.com/v1/projects/portfolioo:testIamPermissions x-goog-quota-user=projects/portfolioo
[debug] [2025-03-15T12:19:34.102Z] >>> [apiv2][body] POST https://cloudresourcemanager.googleapis.com/v1/projects/portfolioo:testIamPermissions {"permissions":["firebase.projects.get","firebasehosting.sites.update"]}
[debug] [2025-03-15T12:19:35.974Z] <<< [apiv2][status] POST https://cloudresourcemanager.googleapis.com/v1/projects/portfolioo:testIamPermissions 401
[debug] [2025-03-15T12:19:35.974Z] <<< [apiv2][body] POST https://cloudresourcemanager.googleapis.com/v1/projects/portfolioo:testIamPermissions {"error":{"code":401,"message":"Request had invalid authentication credentials. Expected OAuth 2 access token, login cookie or other valid authentication credential. See https://developers.google.com/identity/sign-in/web/devconsole-project.","status":"UNAUTHENTICATED","details":[{"@type":"type.googleapis.com/google.rpc.ErrorInfo","reason":"ACCESS_TOKEN_TYPE_UNSUPPORTED","metadata":{"method":"google.cloudresourcemanager.v1.Projects.TestIamPermissions","service":"cloudresourcemanager.googleapis.com"}}]}}
[debug] [2025-03-15T12:19:35.974Z] Got a 401 Unauthenticated error for a call that required authentication. Refreshing tokens.
[debug] [2025-03-15T12:19:35.974Z] Checked if tokens are valid: false, expires at: 1703276400778
[debug] [2025-03-15T12:19:35.974Z] Checked if tokens are valid: false, expires at: 1703276400778
[debug] [2025-03-15T12:19:35.975Z] > refreshing access token with scopes: []
[debug] [2025-03-15T12:19:35.975Z] >>> [apiv2][query] POST https://www.googleapis.com/oauth2/v3/token [none]
[debug] [2025-03-15T12:19:35.975Z] >>> [apiv2][body] POST https://www.googleapis.com/oauth2/v3/token [omitted]
[debug] [2025-03-15T12:19:36.130Z] <<< [apiv2][status] POST https://www.googleapis.com/oauth2/v3/token 400
[debug] [2025-03-15T12:19:36.130Z] <<< [apiv2][body] POST https://www.googleapis.com/oauth2/v3/token [omitted]
[debug] [2025-03-15T12:19:36.131Z] [iam] error while checking permissions, command may fail: Request to https://cloudresourcemanager.googleapis.com/v1/projects/portfolioo:testIamPermissions had HTTP Error: 401, Request had invalid authentication credentials. Expected OAuth 2 access token, login cookie or other valid authentication credential. See https://developers.google.com/identity/sign-in/web/devconsole-project.
[debug] [2025-03-15T12:19:36.131Z] Checked if tokens are valid: false, expires at: 1703276400778
[debug] [2025-03-15T12:19:36.131Z] Checked if tokens are valid: false, expires at: 1703276400778
[debug] [2025-03-15T12:19:36.131Z] > refreshing access token with scopes: []
[debug] [2025-03-15T12:19:36.132Z] >>> [apiv2][query] POST https://www.googleapis.com/oauth2/v3/token [none]
[debug] [2025-03-15T12:19:36.132Z] >>> [apiv2][body] POST https://www.googleapis.com/oauth2/v3/token [omitted]
[debug] [2025-03-15T12:19:36.281Z] <<< [apiv2][status] POST https://www.googleapis.com/oauth2/v3/token 400
[debug] [2025-03-15T12:19:36.281Z] <<< [apiv2][body] POST https://www.googleapis.com/oauth2/v3/token [omitted]
[debug] [2025-03-15T12:19:36.282Z] >>> [apiv2][query] GET https://firebase.googleapis.com/v1beta1/projects/portfolioo [none]
[debug] [2025-03-15T12:19:36.952Z] <<< [apiv2][status] GET https://firebase.googleapis.com/v1beta1/projects/portfolioo 401
[debug] [2025-03-15T12:19:36.952Z] <<< [apiv2][body] GET https://firebase.googleapis.com/v1beta1/projects/portfolioo {"error":{"code":401,"message":"Request had invalid authentication credentials. Expected OAuth 2 access token, login cookie or other valid authentication credential. See https://developers.google.com/identity/sign-in/web/devconsole-project.","status":"UNAUTHENTICATED"}}
[debug] [2025-03-15T12:19:36.953Z] Got a 401 Unauthenticated error for a call that required authentication. Refreshing tokens.
[debug] [2025-03-15T12:19:36.953Z] Checked if tokens are valid: false, expires at: 1703276400778
[debug] [2025-03-15T12:19:36.953Z] Checked if tokens are valid: false, expires at: 1703276400778
[debug] [2025-03-15T12:19:36.953Z] > refreshing access token with scopes: []
[debug] [2025-03-15T12:19:36.953Z] >>> [apiv2][query] POST https://www.googleapis.com/oauth2/v3/token [none]
[debug] [2025-03-15T12:19:36.953Z] >>> [apiv2][body] POST https://www.googleapis.com/oauth2/v3/token [omitted]
[debug] [2025-03-15T12:19:37.131Z] <<< [apiv2][status] POST https://www.googleapis.com/oauth2/v3/token 400
[debug] [2025-03-15T12:19:37.131Z] <<< [apiv2][body] POST https://www.googleapis.com/oauth2/v3/token [omitted]
[debug] [2025-03-15T12:19:37.132Z] Request to https://firebase.googleapis.com/v1beta1/projects/portfolioo had HTTP Error: 401, Request had invalid authentication credentials. Expected OAuth 2 access token, login cookie or other valid authentication credential. See https://developers.google.com/identity/sign-in/web/devconsole-project.
[error] 
[error] Error: Assertion failed: resolving hosting target of a site with no site name or target name. This should have caused an error earlier
[debug] [2025-03-15T12:19:51.057Z] ----------------------------------------------------------------------
[debug] [2025-03-15T12:19:51.060Z] Command:       C:\Users\nehaj\node.exe C:\Users\nehaj\AppData\Roaming\npm\node_modules\firebase-tools\lib\bin\firebase.js init
[debug] [2025-03-15T12:19:51.060Z] CLI Version:   13.34.0
[debug] [2025-03-15T12:19:51.060Z] Platform:      win32
[debug] [2025-03-15T12:19:51.060Z] Node Version:  v22.9.0
[debug] [2025-03-15T12:19:51.061Z] Time:          Sat Mar 15 2025 17:49:51 GMT+0530 (India Standard Time)
[debug] [2025-03-15T12:19:51.061Z] ----------------------------------------------------------------------
[debug] 
[debug] [2025-03-15T12:19:51.306Z] > command requires scopes: ["email","openid","https://www.googleapis.com/auth/cloudplatformprojects.readonly","https://www.googleapis.com/auth/firebase","https://www.googleapis.com/auth/cloud-platform"]
[debug] [2025-03-15T12:19:51.307Z] > authorizing via signed-in user (rajatghosh816@gmail.com)
[info] 
     ######## #### ########  ######## ########     ###     ######  ########
     ##        ##  ##     ## ##       ##     ##  ##   ##  ##       ##
     ######    ##  ########  ######   ########  #########  ######  ######
     ##        ##  ##    ##  ##       ##     ## ##     ##       ## ##
     ##       #### ##     ## ######## ########  ##     ##  ######  ########

You're about to initialize a Firebase project in this directory:

  D:\portfolioPrroject\my-portfolio

Before we get started, keep in mind:

  * You are initializing within an existing Firebase project directory

[info] 
=== Project Setup
[info] 
[info] First, let's associate this project directory with a Firebase project.
[info] You can create multiple project aliases by running firebase use --add, 
[info] but for now we'll just set up a default project.
[info] 
[debug] [2025-03-15T12:21:02.882Z] Checked if tokens are valid: false, expires at: 1703276400778
[debug] [2025-03-15T12:21:02.882Z] Checked if tokens are valid: false, expires at: 1703276400778
[debug] [2025-03-15T12:21:02.882Z] > refreshing access token with scopes: []
[debug] [2025-03-15T12:21:02.883Z] >>> [apiv2][query] POST https://www.googleapis.com/oauth2/v3/token [none]
[debug] [2025-03-15T12:21:02.884Z] >>> [apiv2][body] POST https://www.googleapis.com/oauth2/v3/token [omitted]
[debug] [2025-03-15T12:21:03.336Z] <<< [apiv2][status] POST https://www.googleapis.com/oauth2/v3/token 400
[debug] [2025-03-15T12:21:03.336Z] <<< [apiv2][body] POST https://www.googleapis.com/oauth2/v3/token [omitted]
[debug] [2025-03-15T12:21:03.337Z] >>> [apiv2][query] GET https://firebase.googleapis.com/v1beta1/projects pageSize=100
[debug] [2025-03-15T12:21:04.067Z] <<< [apiv2][status] GET https://firebase.googleapis.com/v1beta1/projects 401
[debug] [2025-03-15T12:21:04.067Z] <<< [apiv2][body] GET https://firebase.googleapis.com/v1beta1/projects [omitted]
[debug] [2025-03-15T12:21:04.067Z] Got a 401 Unauthenticated error for a call that required authentication. Refreshing tokens.
[debug] [2025-03-15T12:21:04.067Z] Checked if tokens are valid: false, expires at: 1703276400778
[debug] [2025-03-15T12:21:04.067Z] Checked if tokens are valid: false, expires at: 1703276400778
[debug] [2025-03-15T12:21:04.067Z] > refreshing access token with scopes: []
[debug] [2025-03-15T12:21:04.067Z] >>> [apiv2][query] POST https://www.googleapis.com/oauth2/v3/token [none]
[debug] [2025-03-15T12:21:04.067Z] >>> [apiv2][body] POST https://www.googleapis.com/oauth2/v3/token [omitted]
[debug] [2025-03-15T12:21:04.238Z] <<< [apiv2][status] POST https://www.googleapis.com/oauth2/v3/token 400
[debug] [2025-03-15T12:21:04.238Z] <<< [apiv2][body] POST https://www.googleapis.com/oauth2/v3/token [omitted]
[debug] [2025-03-15T12:21:04.239Z] Request to https://firebase.googleapis.com/v1beta1/projects?pageSize=100 had HTTP Error: 401, Request had invalid authentication credentials. Expected OAuth 2 access token, login cookie or other valid authentication credential. See https://developers.google.com/identity/sign-in/web/devconsole-project.
[debug] [2025-03-15T12:21:04.581Z] FirebaseError: Request to https://firebase.googleapis.com/v1beta1/projects?pageSize=100 had HTTP Error: 401, Request had invalid authentication credentials. Expected OAuth 2 access token, login cookie or other valid authentication credential. See https://developers.google.com/identity/sign-in/web/devconsole-project.
    at responseToError (C:\Users\nehaj\AppData\Roaming\npm\node_modules\firebase-tools\lib\responseToError.js:52:12)
    at RetryOperation._fn (C:\Users\nehaj\AppData\Roaming\npm\node_modules\firebase-tools\lib\apiv2.js:312:77)
    at process.processTicksAndRejections (node:internal/process/task_queues:105:5)
[error] 
[error] Error: Failed to list Firebase projects. See firebase-debug.log for more info.
[debug] [2025-03-15T12:22:05.020Z] ----------------------------------------------------------------------
[debug] [2025-03-15T12:22:05.022Z] Command:       C:\Users\nehaj\node.exe C:\Users\nehaj\AppData\Roaming\npm\node_modules\firebase-tools\lib\bin\firebase.js init
[debug] [2025-03-15T12:22:05.023Z] CLI Version:   13.34.0
[debug] [2025-03-15T12:22:05.023Z] Platform:      win32
[debug] [2025-03-15T12:22:05.023Z] Node Version:  v22.9.0
[debug] [2025-03-15T12:22:05.023Z] Time:          Sat Mar 15 2025 17:52:05 GMT+0530 (India Standard Time)
[debug] [2025-03-15T12:22:05.023Z] ----------------------------------------------------------------------
[debug] 
[debug] [2025-03-15T12:22:05.199Z] > command requires scopes: ["email","openid","https://www.googleapis.com/auth/cloudplatformprojects.readonly","https://www.googleapis.com/auth/firebase","https://www.googleapis.com/auth/cloud-platform"]
[debug] [2025-03-15T12:22:05.200Z] > authorizing via signed-in user (rajatghosh816@gmail.com)
[info] 
     ######## #### ########  ######## ########     ###     ######  ########
     ##        ##  ##     ## ##       ##     ##  ##   ##  ##       ##
     ######    ##  ########  ######   ########  #########  ######  ######
     ##        ##  ##    ##  ##       ##     ## ##     ##       ## ##
     ##       #### ##     ## ######## ########  ##     ##  ######  ########

You're about to initialize a Firebase project in this directory:

  D:\portfolioPrroject\my-portfolio

Before we get started, keep in mind:

  * You are initializing within an existing Firebase project directory

